Added Component: Designator=C1(FTPNT_CAPS)
Added Component: Designator=C2(FTPNT_CAPS)
Added Component: Designator=C3(FTPNT_CAPS)
Added Component: Designator=C4(FTPNT_CAPS)
Added Component: Designator=C5(FTPNT_CAPS)
Added Component: Designator=R1(FTPNT_RESISTORS)
Added Component: Designator=R2(FTPNT_RESISTORS)
Added Component: Designator=R3(FTPNT_RESISTORS)
Added Component: Designator=R4(FTPNT_RESISTORS)
Added Component: Designator=R5(FTPNT_RESISTORS)
Added Component: Designator=R6(FTPNT_RESISTORS)
Added Pin To Net: NetName=GND Pin=C1-1
Added Pin To Net: NetName=3.3V Pin=C1-2
Added Pin To Net: NetName=GND Pin=C2-1
Added Pin To Net: NetName=3.3V Pin=C2-2
Added Pin To Net: NetName=GND Pin=C3-1
Added Pin To Net: NetName=NetC3_2 Pin=C3-2
Added Pin To Net: NetName=GND Pin=C4-1
Added Pin To Net: NetName=NetC4_2 Pin=C4-2
Added Pin To Net: NetName=NetC5_1 Pin=C5-1
Added Pin To Net: NetName=NetC5_2 Pin=C5-2
Added Pin To Net: NetName=NetC3_2 Pin=R1-1
Added Pin To Net: NetName=5V Pin=R1-2
Added Pin To Net: NetName=SDA Pin=R2-1
Added Pin To Net: NetName=3.3V Pin=R2-2
Added Pin To Net: NetName=SCL Pin=R3-1
Added Pin To Net: NetName=3.3V Pin=R3-2
Added Pin To Net: NetName=DRDY Pin=R4-1
Added Pin To Net: NetName=3.3V Pin=R4-2
Added Pin To Net: NetName=INT2 Pin=R5-1
Added Pin To Net: NetName=3.3V Pin=R5-2
Added Pin To Net: NetName=INT1 Pin=R6-1
Added Pin To Net: NetName=3.3V Pin=R6-2
Added Member To Class: ClassName=Accelerometer Member=Component C1 Cap
Added Member To Class: ClassName=Accelerometer Member=Component C2 Cap
Added Member To Class: ClassName=Accelerometer Member=Component C3 Cap
Added Member To Class: ClassName=Accelerometer Member=Component C4 Cap
Added Member To Class: ClassName=Accelerometer Member=Component C5 Cap
Added Member To Class: ClassName=Accelerometer Member=Component R1 Res1
Added Member To Class: ClassName=Accelerometer Member=Component R2 Res1
Added Member To Class: ClassName=Accelerometer Member=Component R3 Res1
Added Member To Class: ClassName=Accelerometer Member=Component R4 Res1
Added Member To Class: ClassName=Accelerometer Member=Component R5 Res1
Added Member To Class: ClassName=Accelerometer Member=Component R6 Res1
